[debug] [2026-01-10T23:36:22.608Z] ----------------------------------------------------------------------
[debug] [2026-01-10T23:36:22.652Z] Command:       C:\Program Files\nodejs\node.exe C:\Users\chanc\AppData\Roaming\npm\node_modules\firebase-tools\lib\bin\firebase.js deploy --only firestore:rules
[debug] [2026-01-10T23:36:22.655Z] CLI Version:   15.2.1
[debug] [2026-01-10T23:36:22.655Z] Platform:      win32
[debug] [2026-01-10T23:36:22.656Z] Node Version:  v24.12.0
[debug] [2026-01-10T23:36:22.656Z] Time:          Sat Jan 10 2026 18:36:22 GMT-0500 (Eastern Standard Time)
[debug] [2026-01-10T23:36:22.657Z] ----------------------------------------------------------------------
[debug] 
[debug] [2026-01-10T23:36:22.665Z] >>> [apiv2][query] GET https://firebase-public.firebaseio.com/cli.json [none]
[debug] [2026-01-10T23:36:32.710Z] > command requires scopes: ["email","openid","https://www.googleapis.com/auth/cloudplatformprojects.readonly","https://www.googleapis.com/auth/firebase","https://www.googleapis.com/auth/cloud-platform"]
[debug] [2026-01-10T23:36:32.710Z] > authorizing via signed-in user (isydneyai@gmail.com)
[debug] [2026-01-10T23:36:32.711Z] [iam] checking project we-are-family-221 for permissions ["datastore.indexes.create","datastore.indexes.delete","datastore.indexes.list","datastore.indexes.update","firebase.projects.get"]
[debug] [2026-01-10T23:36:32.712Z] Checked if tokens are valid: false, expires at: 1767931444004
[debug] [2026-01-10T23:36:32.712Z] Checked if tokens are valid: false, expires at: 1767931444004
[debug] [2026-01-10T23:36:32.712Z] > refreshing access token with scopes: []
[debug] [2026-01-10T23:36:32.714Z] >>> [apiv2][query] POST https://www.googleapis.com/oauth2/v3/token [none]
[debug] [2026-01-10T23:36:32.715Z] >>> [apiv2][body] POST https://www.googleapis.com/oauth2/v3/token [omitted]
[debug] [2026-01-10T23:36:32.844Z] <<< [apiv2][status] GET https://firebase-public.firebaseio.com/cli.json 200
[debug] [2026-01-10T23:36:32.844Z] <<< [apiv2][body] GET https://firebase-public.firebaseio.com/cli.json {"cloudBuildErrorAfter":1594252800000,"cloudBuildWarnAfter":1590019200000,"defaultNode10After":1594252800000,"minVersion":"3.0.5","node8DeploysDisabledAfter":1613390400000,"node8RuntimeDisabledAfter":1615809600000,"node8WarnAfter":1600128000000}
[debug] [2026-01-10T23:36:32.868Z] <<< [apiv2][status] POST https://www.googleapis.com/oauth2/v3/token 200
[debug] [2026-01-10T23:36:32.868Z] <<< [apiv2][body] POST https://www.googleapis.com/oauth2/v3/token [omitted]
[debug] [2026-01-10T23:36:32.885Z] >>> [apiv2][query] POST https://cloudresourcemanager.googleapis.com/v1/projects/we-are-family-221:testIamPermissions [none]
[debug] [2026-01-10T23:36:32.885Z] >>> [apiv2][(partial)header] POST https://cloudresourcemanager.googleapis.com/v1/projects/we-are-family-221:testIamPermissions x-goog-quota-user=projects/we-are-family-221
[debug] [2026-01-10T23:36:32.885Z] >>> [apiv2][body] POST https://cloudresourcemanager.googleapis.com/v1/projects/we-are-family-221:testIamPermissions {"permissions":["datastore.indexes.create","datastore.indexes.delete","datastore.indexes.list","datastore.indexes.update","firebase.projects.get"]}
[debug] [2026-01-10T23:36:33.114Z] <<< [apiv2][status] POST https://cloudresourcemanager.googleapis.com/v1/projects/we-are-family-221:testIamPermissions 200
[debug] [2026-01-10T23:36:33.114Z] <<< [apiv2][body] POST https://cloudresourcemanager.googleapis.com/v1/projects/we-are-family-221:testIamPermissions {"permissions":["datastore.indexes.create","datastore.indexes.delete","datastore.indexes.list","datastore.indexes.update","firebase.projects.get"]}
[info] 
[info] === Deploying to 'we-are-family-221'...
[info] 
[info] i  deploying firestore 
[info] i  firestore: ensuring required API firestore.googleapis.com is enabled... 
[info] i  firestore: ensuring required API firestore.googleapis.com is enabled... 
[debug] [2026-01-10T23:36:33.125Z] Checked if tokens are valid: true, expires at: 1768091791869
[debug] [2026-01-10T23:36:33.125Z] Checked if tokens are valid: true, expires at: 1768091791869
[debug] [2026-01-10T23:36:33.126Z] >>> [apiv2][query] GET https://firestore.googleapis.com/v1/projects/we-are-family-221/databases/(default) [none]
[debug] [2026-01-10T23:36:33.428Z] <<< [apiv2][status] GET https://firestore.googleapis.com/v1/projects/we-are-family-221/databases/(default) 200
[debug] [2026-01-10T23:36:33.428Z] <<< [apiv2][body] GET https://firestore.googleapis.com/v1/projects/we-are-family-221/databases/(default) {"name":"projects/we-are-family-221/databases/(default)","uid":"82746664-ab23-4c55-941f-1786332893e9","createTime":"2026-01-01T01:34:31.698903Z","updateTime":"2026-01-01T01:34:31.698903Z","locationId":"nam5","type":"FIRESTORE_NATIVE","concurrencyMode":"PESSIMISTIC","versionRetentionPeriod":"3600s","earliestVersionTime":"2026-01-10T22:36:34.277725Z","appEngineIntegrationMode":"DISABLED","keyPrefix":"s","pointInTimeRecoveryEnablement":"POINT_IN_TIME_RECOVERY_DISABLED","deleteProtectionState":"DELETE_PROTECTION_DISABLED","databaseEdition":"STANDARD","freeTier":true,"realtimeUpdatesMode":"REALTIME_UPDATES_MODE_ENABLED","etag":"ING8geaRgpIDMMa0ltOZ6ZED"}
[info] i  firestore: reading indexes from firestore.indexes.json... 
[info] i  cloud.firestore: checking firestore.rules for compilation errors... 
[debug] [2026-01-10T23:36:33.434Z] Checked if tokens are valid: true, expires at: 1768091791869
[debug] [2026-01-10T23:36:33.434Z] Checked if tokens are valid: true, expires at: 1768091791869
[debug] [2026-01-10T23:36:33.435Z] >>> [apiv2][query] POST https://firebaserules.googleapis.com/v1/projects/we-are-family-221:test [none]
[debug] [2026-01-10T23:36:33.435Z] >>> [apiv2][body] POST https://firebaserules.googleapis.com/v1/projects/we-are-family-221:test [omitted]
[debug] [2026-01-10T23:36:33.693Z] <<< [apiv2][status] POST https://firebaserules.googleapis.com/v1/projects/we-are-family-221:test 200
[debug] [2026-01-10T23:36:33.694Z] <<< [apiv2][body] POST https://firebaserules.googleapis.com/v1/projects/we-are-family-221:test {"issues":[{"sourcePosition":{"fileName":"firestore.rules","line":20,"column":14,"currentOffset":448,"endOffset":455},"description":"Unused function: isMember.","severity":"WARNING"},{"sourcePosition":{"fileName":"firestore.rules","line":22,"column":14,"currentOffset":509,"endOffset":511},"description":"Invalid function name: get.","severity":"WARNING"},{"sourcePosition":{"fileName":"firestore.rules","line":22,"column":59,"currentOffset":554,"endOffset":560},"description":"Invalid variable name: request.","severity":"WARNING"}]}
[warn] !  [W] 20:14 - Unused function: isMember. 
[warn] !  [W] 22:14 - Invalid function name: get. 
[warn] !  [W] 22:59 - Invalid variable name: request. 
[info] +  cloud.firestore: rules file firestore.rules compiled successfully 
[debug] [2026-01-10T23:36:33.697Z] Checked if tokens are valid: true, expires at: 1768091791869
[debug] [2026-01-10T23:36:33.697Z] Checked if tokens are valid: true, expires at: 1768091791869
[debug] [2026-01-10T23:36:33.698Z] >>> [apiv2][query] GET https://firebaserules.googleapis.com/v1/projects/we-are-family-221/releases pageSize=10&pageToken=
[debug] [2026-01-10T23:36:33.868Z] <<< [apiv2][status] GET https://firebaserules.googleapis.com/v1/projects/we-are-family-221/releases 200
[debug] [2026-01-10T23:36:33.868Z] <<< [apiv2][body] GET https://firebaserules.googleapis.com/v1/projects/we-are-family-221/releases {"releases":[{"name":"projects/we-are-family-221/releases/cloud.firestore","rulesetName":"projects/we-are-family-221/rulesets/abc06ba0-b538-412d-ab24-2059ea08e1e1","createTime":"2026-01-01T01:35:17.641293Z","updateTime":"2026-01-04T13:23:52.201052Z"},{"name":"projects/we-are-family-221/releases/firebase.storage/we-are-family-221.firebasestorage.app","rulesetName":"projects/we-are-family-221/rulesets/529e5a7a-24ae-4e92-89be-6bd6865f7aa9","createTime":"2026-01-01T22:48:20.959502Z","updateTime":"2026-01-03T05:41:16.905347Z"}]}
[debug] [2026-01-10T23:36:33.953Z] Checked if tokens are valid: true, expires at: 1768091791869
[debug] [2026-01-10T23:36:33.954Z] Checked if tokens are valid: true, expires at: 1768091791869
[debug] [2026-01-10T23:36:33.954Z] >>> [apiv2][query] GET https://firebaserules.googleapis.com/v1/projects/we-are-family-221/rulesets/abc06ba0-b538-412d-ab24-2059ea08e1e1 [none]
[debug] [2026-01-10T23:36:34.068Z] <<< [apiv2][status] GET https://firebaserules.googleapis.com/v1/projects/we-are-family-221/rulesets/abc06ba0-b538-412d-ab24-2059ea08e1e1 200
[debug] [2026-01-10T23:36:34.069Z] <<< [apiv2][body] GET https://firebaserules.googleapis.com/v1/projects/we-are-family-221/rulesets/abc06ba0-b538-412d-ab24-2059ea08e1e1 [omitted]
[info] i  firestore: uploading rules firestore.rules... 
[debug] [2026-01-10T23:36:34.071Z] Checked if tokens are valid: true, expires at: 1768091791869
[debug] [2026-01-10T23:36:34.072Z] Checked if tokens are valid: true, expires at: 1768091791869
[debug] [2026-01-10T23:36:34.072Z] >>> [apiv2][query] POST https://firebaserules.googleapis.com/v1/projects/we-are-family-221/rulesets [none]
[debug] [2026-01-10T23:36:34.072Z] >>> [apiv2][body] POST https://firebaserules.googleapis.com/v1/projects/we-are-family-221/rulesets [omitted]
[debug] [2026-01-10T23:36:34.429Z] <<< [apiv2][status] POST https://firebaserules.googleapis.com/v1/projects/we-are-family-221/rulesets 200
[debug] [2026-01-10T23:36:34.430Z] <<< [apiv2][body] POST https://firebaserules.googleapis.com/v1/projects/we-are-family-221/rulesets {"name":"projects/we-are-family-221/rulesets/3c271443-c4ef-45af-83be-e582bb42b324","source":{"files":[{"content":"rules_version = '2';\n\nservice cloud.firestore {\n  match /databases/{database}/documents {\n\n    // Helper functions\n    function isAuthenticated() {\n      return request.auth != null;\n    }\n\n    function isOwner(userId) {\n      return request.auth.uid == userId;\n    }\n\n    function isAdmin() {\n      return isAuthenticated() && \n             get(/databases/$(database)/documents/users/$(request.auth.uid)).data.role == 'admin';\n    }\n\n    function isMember() {\n      return isAuthenticated() && \n             get(/databases/$(database)/documents/users/$(request.auth.uid)).data.role == 'member';\n    }\n\n    function isFamily(userId) {\n      // Check if a family connection exists in the denormalized familyConnections subcollection\n      // This is efficient because it's a direct document lookup\n      return exists(/databases/$(database)/documents/users/$(request.auth.uid)/familyConnections/$(userId));\n    }\n\n    // Users Collection\n    match /users/{userId} {\n      // Anyone authenticated can read basic user info (for discovery, messaging)\n      allow read: if isAuthenticated();\n      \n      // Users can only create their own profile\n      allow create: if isAuthenticated() && isOwner(userId);\n      \n      // Users can only update their own profile, except 'role' field\n      allow update: if isAuthenticated() && isOwner(userId) && \n                      (!request.resource.data.diff(resource.data).affectedKeys().hasAny(['role']));\n      \n      // Only admins can delete users (soft delete preferred)\n      allow delete: if isAdmin();\n      \n      // Family Connections Subcollection\n      match /familyConnections/{connectionId} {\n        // Read: Only the user themselves can read their connections\n        allow read: if isAuthenticated() && isOwner(userId);\n        \n        // Write: Server-only (managed by family.ts actions)\n        allow create, update, delete: if false;\n      }\n    }\n\n    // Posts Collection - All authenticated users can see posts (like pre-migration)\n    match /posts/{postId} {\n      // Read: All authenticated users can see all posts (restored pre-migration behavior)\n      allow read: if isAuthenticated();\n      \n      // Create: Must be authenticated and set own authorId\n      allow create: if isAuthenticated() && request.resource.data.authorId == request.auth.uid;\n      \n      // Update/Delete: Only owner or admin\n      allow update, delete: if isAuthenticated() && (isOwner(resource.data.authorId) || isAdmin());\n\n      // Comments Subcollection\n      match /comments/{commentId} {\n        // All authenticated users can read comments\n        allow read: if isAuthenticated();\n        \n        // Create: Must be authenticated and set own authorId\n        allow create: if isAuthenticated() && request.resource.data.authorId == request.auth.uid;\n        \n        // Update/Delete: Only owner or admin\n        allow update, delete: if isAuthenticated() && (isOwner(resource.data.authorId) || isAdmin());\n\n        // Replies Subcollection (nested under comments)\n        match /replies/{replyId} {\n          // All authenticated users can read replies\n          allow read: if isAuthenticated();\n          \n          // Create: Must be authenticated and set own authorId\n          allow create: if isAuthenticated() && request.resource.data.authorId == request.auth.uid;\n          \n          // Update/Delete: Only owner or admin\n          allow update, delete: if isAuthenticated() && (isOwner(resource.data.authorId) || isAdmin());\n        }\n      }\n    }\n\n    // Stories Collection - Only visible to family members\n    match /stories/{storyId} {\n      // Only family members can read stories, or admins\n      allow read: if isAuthenticated() && (isFamily(resource.data.authorId) || isOwner(resource.data.authorId) || isAdmin());\n      \n      // Create: Must be authenticated and set own authorId\n      allow create: if isAuthenticated() && request.resource.data.authorId == request.auth.uid;\n      \n      // Delete: Only owner or admin\n      allow delete: if isAuthenticated() && (isOwner(resource.data.authorId) || isAdmin());\n    }\n\n    // Events Collection\n    match /events/{eventId} {\n      // Anyone authenticated can read events\n      allow read: if isAuthenticated();\n      \n      // Create: Must be authenticated and set own creatorId\n      allow create: if isAuthenticated() && request.resource.data.creatorId == request.auth.uid;\n      \n      // Update/Delete: Only creator or admin\n      allow update, delete: if isAuthenticated() && (isOwner(resource.data.creatorId) || isAdmin());\n    }\n\n    // Chats Collection\n    match /chats/{chatId} {\n      // Read: Only participants or admins\n      allow read: if isAuthenticated() && (request.auth.uid in resource.data.participants || isAdmin());\n      \n      // Create: Must be authenticated and be in participants list\n      allow create: if isAuthenticated() && request.auth.uid in request.resource.data.participants;\n      \n      // Update: Only participants (for lastMessageAt updates)\n      allow update: if isAuthenticated() && request.auth.uid in resource.data.participants;\n      \n      // No deletion of chats\n      allow delete: if false;\n\n      // Messages Subcollection\n      match /messages/{messageId} {\n        // Read: Must be a participant of parent chat\n        allow read: if isAuthenticated() && \n                   request.auth.uid in get(/databases/$(database)/documents/chats/$(chatId)).data.participants;\n        \n        // Create: Must be participant and set own senderId\n        allow create: if isAuthenticated() && \n                     request.auth.uid in get(/databases/$(database)/documents/chats/$(chatId)).data.participants &&\n                     request.resource.data.senderId == request.auth.uid;\n        \n        // No updates or deletes on messages\n        allow update, delete: if false;\n      }\n    }\n\n    // Family Requests Collection\n    match /familyRequests/{requestId} {\n      // Read: Only sender, receiver, or admin\n      allow read: if isAuthenticated() && \n                  (request.auth.uid == resource.data.senderId || \n                   request.auth.uid == resource.data.receiverId ||\n                   isAdmin());\n      \n      // Create: Must be authenticated and set own senderId\n      allow create: if isAuthenticated() && request.resource.data.senderId == request.auth.uid;\n      \n      // Update: Only sender or receiver (for status changes)\n      allow update: if isAuthenticated() && \n                    (request.auth.uid == resource.data.senderId || \n                     request.auth.uid == resource.data.receiverId);\n      \n      // Delete: Only sender, receiver, or admin\n      allow delete: if isAuthenticated() && \n                    (request.auth.uid == resource.data.senderId || \n                     request.auth.uid == resource.data.receiverId ||\n                     isAdmin());\n    }\n    \n    // Blocked Users Collection\n    match /blockedUsers/{blockId} {\n      // Read: Only the blocker\n      allow read: if isAuthenticated() && request.auth.uid == resource.data.blockerId;\n      \n      // Create: Must set own blockerId\n      allow create: if isAuthenticated() && request.resource.data.blockerId == request.auth.uid;\n      \n      // Delete: Only the blocker\n      allow delete: if isAuthenticated() && request.auth.uid == resource.data.blockerId;\n      \n      // No updates\n      allow update: if false;\n    }\n\n    // Groups Collection\n    match /groups/{groupId} {\n      // Read: Public groups = anyone, Private = members only\n      allow read: if isAuthenticated() && \n                    (resource.data.privacy == 'public' || \n                     request.auth.uid in resource.data.members ||\n                     isAdmin());\n      \n      // Create: Must be authenticated and set own creatorId\n      allow create: if isAuthenticated() && request.resource.data.creatorId == request.auth.uid;\n      \n      // Update: Only creator or admin\n      allow update: if isAuthenticated() && (isOwner(resource.data.creatorId) || isAdmin());\n      \n      // Delete: Only creator or admin\n      allow delete: if isAuthenticated() && (isOwner(resource.data.creatorId) || isAdmin());\n\n      // Group Posts Subcollection\n      match /posts/{postId} {\n        // Read: Must be group member\n        allow read: if isAuthenticated() && \n                      request.auth.uid in get(/databases/$(database)/documents/groups/$(groupId)).data.members;\n        \n        // Create: Must be member and set own authorId\n        allow create: if isAuthenticated() && \n                       request.auth.uid in get(/databases/$(database)/documents/groups/$(groupId)).data.members &&\n                       request.resource.data.authorId == request.auth.uid;\n        \n        // Update/Delete: Only author or admin\n        allow update, delete: if isAuthenticated() && (isOwner(resource.data.authorId) || isAdmin());\n      }\n    }\n\n    // Branding Collection\n    match /branding/{brandingId} {\n      // Read: Anyone authenticated can discover branding\n      allow read: if isAuthenticated();\n      \n      // Create: Must be authenticated and set own founderId\n      allow create: if isAuthenticated() && request.resource.data.founderId == request.auth.uid;\n      \n      // Update: Only founder or admin\n      allow update: if isAuthenticated() && (isOwner(resource.data.founderId) || isAdmin());\n      \n      // Delete: Only founder or admin\n      allow delete: if isAuthenticated() && (isOwner(resource.data.founderId) || isAdmin());\n\n      // Followers Subcollection\n      match /followers/{userId} {\n        allow read: if isAuthenticated();\n        allow create: if isAuthenticated() && isOwner(userId);\n        allow delete: if isAuthenticated() && isOwner(userId);\n      }\n\n      // Admins Subcollection\n      match /admins/{userId} {\n        allow read: if isAuthenticated();\n        // Only branding founder can add admins\n        allow create, delete: if isAuthenticated() && \n                                isOwner(get(/databases/$(database)/documents/branding/$(brandingId)).data.founderId);\n      }\n\n      // Branding Posts Subcollection\n      match /posts/{postId} {\n        // Anyone can read branding posts (public marketing)\n        allow read: if isAuthenticated();\n        \n        // Create: Only branding admins or founder\n        allow create: if isAuthenticated() && \n                       (request.auth.uid in get(/databases/$(database)/documents/branding/$(brandingId)).data.admins ||\n                        isOwner(get(/databases/$(database)/documents/branding/$(brandingId)).data.founderId));\n        \n        // Update/Delete: Only post author, branding founder, or admin\n        allow update, delete: if isAuthenticated() && \n                                (isOwner(resource.data.authorId) || \n                                 isOwner(get(/databases/$(database)/documents/branding/$(brandingId)).data.founderId) ||\n                                 isAdmin());\n      }\n    }\n\n    // Notifications Collection\n    match /notifications/{notificationId} {\n      // Read: Only the recipient\n      allow read: if isAuthenticated() && isOwner(resource.data.userId);\n      \n      // Create: Server-only (via server actions)\n      allow create: if false;\n      \n      // Update: Only recipient (to mark as read)\n      allow update: if isAuthenticated() && isOwner(resource.data.userId);\n      \n      // Delete: Only recipient or admin\n      allow delete: if isAuthenticated() && (isOwner(resource.data.userId) || isAdmin());\n    }\n\n    // Active Users Collection (for presence)\n    match /activeUsers/{userId} {\n      // Read: Any authenticated user\n      allow read: if isAuthenticated();\n      \n      // Create/Update: Server-only via activity tracker\n      allow create, update: if false;\n      \n      // Delete: Server-only\n      allow delete: if false;\n    }\n\n    // Admin Analytics Collection\n    match /analytics/{docId} {\n      // Read: Admins only\n      allow read: if isAdmin();\n      \n      // Write: Server-only\n      allow create, update, delete: if false;\n    }\n\n    // Audit Logs Collection (for security monitoring)\n    match /auditLogs/{logId} {\n      // Read: Admins only\n      allow read: if isAdmin();\n      \n      // Write: Server-only (via audit.ts)\n      allow create, update, delete: if false;\n    }\n\n    // Active Sessions (WebRTC Signaling)\n    match /active_sessions/{sessionId} {\n      // Allow reading session metadata (host, participants)\n      allow read: if isAuthenticated();\n      \n      // Write: Server-only (via rtc.ts actions)\n      allow create, update, delete: if false; \n\n      match /signals/{signalId} {\n        // Only allow reading signals addressed to the user\n        allow read: if isAuthenticated() && resource.data.to == request.auth.uid;\n        \n        // Write: Server-only (via rtc.ts actions)\n        allow create, update, delete: if false;\n      }\n    }\n  }\n}\n","name":"firestore.rules"}]},"createTime":"2026-01-10T23:36:35.270095Z","metadata":{"services":["cloud.firestore"]}}
[debug] [2026-01-10T23:36:34.430Z] [rules] created ruleset projects/we-are-family-221/rulesets/3c271443-c4ef-45af-83be-e582bb42b324
[debug] [2026-01-10T23:36:34.430Z] [rules] releasing cloud.firestore/(default) with ruleset projects/we-are-family-221/rulesets/3c271443-c4ef-45af-83be-e582bb42b324
[debug] [2026-01-10T23:36:34.431Z] Checked if tokens are valid: true, expires at: 1768091791869
[debug] [2026-01-10T23:36:34.431Z] Checked if tokens are valid: true, expires at: 1768091791869
[debug] [2026-01-10T23:36:34.431Z] >>> [apiv2][query] PATCH https://firebaserules.googleapis.com/v1/projects/we-are-family-221/releases/cloud.firestore/(default) [none]
[debug] [2026-01-10T23:36:34.431Z] >>> [apiv2][body] PATCH https://firebaserules.googleapis.com/v1/projects/we-are-family-221/releases/cloud.firestore/(default) {"release":{"name":"projects/we-are-family-221/releases/cloud.firestore/(default)","rulesetName":"projects/we-are-family-221/rulesets/3c271443-c4ef-45af-83be-e582bb42b324"}}
[debug] [2026-01-10T23:36:34.797Z] <<< [apiv2][status] PATCH https://firebaserules.googleapis.com/v1/projects/we-are-family-221/releases/cloud.firestore/(default) 200
[debug] [2026-01-10T23:36:34.797Z] <<< [apiv2][body] PATCH https://firebaserules.googleapis.com/v1/projects/we-are-family-221/releases/cloud.firestore/(default) {"name":"projects/we-are-family-221/releases/cloud.firestore","rulesetName":"projects/we-are-family-221/rulesets/3c271443-c4ef-45af-83be-e582bb42b324","createTime":"2026-01-01T01:35:17.641293Z","updateTime":"2026-01-10T23:36:35.629994Z"}
[debug] [2026-01-10T23:36:34.797Z] [rules] updated release projects/we-are-family-221/releases/cloud.firestore
[info] +  firestore: released rules firestore.rules to cloud.firestore 
[info] 
[info] +  Deploy complete! 
[info] 
[info] Project Console: https://console.firebase.google.com/project/we-are-family-221/overview
[debug] [2026-01-10T23:36:40.138Z] Error: Timed out.
    at Timeout._onTimeout (C:\Users\chanc\AppData\Roaming\npm\node_modules\firebase-tools\lib\utils.js:308:49)
    at listOnTimeout (node:internal/timers:605:17)
    at process.processTimers (node:internal/timers:541:7)
[error] 
[error] Error: An unexpected error has occurred.
